<?xml version="1.0" encoding="UTF-8"?>
<!-- Generated by org.testng.reporters.JUnitXMLReporter -->
<testsuite hostname="DESKTOP-4G432R1" ignored="0" name="Surefire test" tests="3" failures="0" timestamp="2021-02-07T13:26:07 YEKT" time="103.71" errors="0">
  <testcase name="checkEstimateFields" time="27.696" classname="com.epam.automation.Tests.CloudGoogleDotComTests"/>
  <testcase name="checkMonthlyPaymentFromEmail" time="42.222" classname="com.epam.automation.Tests.CloudGoogleDotComTests"/>
  <testcase name="checkMonthlyPaymentFromForm" time="26.829" classname="com.epam.automation.Tests.CloudGoogleDotComTests"/>
</testsuite> <!-- Surefire test -->
