<?xml version="1.0" encoding="UTF-8"?>
<testng-results skipped="0" failed="0" ignored="0" total="3" passed="3">
  <reporter-output>
  </reporter-output>
  <suite name="Surefire suite" duration-ms="103710" started-at="2021-02-07T13:24:23 YEKT" finished-at="2021-02-07T13:26:07 YEKT">
    <groups>
    </groups>
    <test name="Surefire test" duration-ms="103710" started-at="2021-02-07T13:24:23 YEKT" finished-at="2021-02-07T13:26:07 YEKT">
      <class name="com.epam.automation.Tests.CloudGoogleDotComTests">
        <test-method status="PASS" signature="setUp()[pri:0, instance:com.epam.automation.Tests.CloudGoogleDotComTests@5bcab519]" name="setUp" is-config="true" duration-ms="2065" started-at="2021-02-07T13:24:23 YEKT" finished-at="2021-02-07T13:24:25 YEKT">
          <reporter-output>
          </reporter-output>
        </test-method> <!-- setUp -->
        <test-method status="PASS" signature="checkEstimateFields()[pri:0, instance:com.epam.automation.Tests.CloudGoogleDotComTests@5bcab519]" name="checkEstimateFields" duration-ms="27696" started-at="2021-02-07T13:24:25 YEKT" description="Test for https://cloud.google.com/" finished-at="2021-02-07T13:24:53 YEKT">
          <reporter-output>
          </reporter-output>
        </test-method> <!-- checkEstimateFields -->
        <test-method status="PASS" signature="stopBrowser()[pri:0, instance:com.epam.automation.Tests.CloudGoogleDotComTests@5bcab519]" name="stopBrowser" is-config="true" duration-ms="634" started-at="2021-02-07T13:24:53 YEKT" finished-at="2021-02-07T13:24:54 YEKT">
          <reporter-output>
          </reporter-output>
        </test-method> <!-- stopBrowser -->
        <test-method status="PASS" signature="setUp()[pri:0, instance:com.epam.automation.Tests.CloudGoogleDotComTests@5bcab519]" name="setUp" is-config="true" duration-ms="1586" started-at="2021-02-07T13:24:54 YEKT" finished-at="2021-02-07T13:24:55 YEKT">
          <reporter-output>
          </reporter-output>
        </test-method> <!-- setUp -->
        <test-method status="PASS" signature="checkMonthlyPaymentFromEmail()[pri:0, instance:com.epam.automation.Tests.CloudGoogleDotComTests@5bcab519]" name="checkMonthlyPaymentFromEmail" duration-ms="42222" started-at="2021-02-07T13:24:55 YEKT" description="Test for https://cloud.google.com/" finished-at="2021-02-07T13:25:37 YEKT">
          <reporter-output>
          </reporter-output>
        </test-method> <!-- checkMonthlyPaymentFromEmail -->
        <test-method status="PASS" signature="stopBrowser()[pri:0, instance:com.epam.automation.Tests.CloudGoogleDotComTests@5bcab519]" name="stopBrowser" is-config="true" duration-ms="656" started-at="2021-02-07T13:25:37 YEKT" finished-at="2021-02-07T13:25:38 YEKT">
          <reporter-output>
          </reporter-output>
        </test-method> <!-- stopBrowser -->
        <test-method status="PASS" signature="setUp()[pri:0, instance:com.epam.automation.Tests.CloudGoogleDotComTests@5bcab519]" name="setUp" is-config="true" duration-ms="1368" started-at="2021-02-07T13:25:38 YEKT" finished-at="2021-02-07T13:25:39 YEKT">
          <reporter-output>
          </reporter-output>
        </test-method> <!-- setUp -->
        <test-method status="PASS" signature="checkMonthlyPaymentFromForm()[pri:0, instance:com.epam.automation.Tests.CloudGoogleDotComTests@5bcab519]" name="checkMonthlyPaymentFromForm" duration-ms="26829" started-at="2021-02-07T13:25:39 YEKT" description="Test for https://cloud.google.com/" finished-at="2021-02-07T13:26:06 YEKT">
          <reporter-output>
          </reporter-output>
        </test-method> <!-- checkMonthlyPaymentFromForm -->
        <test-method status="PASS" signature="stopBrowser()[pri:0, instance:com.epam.automation.Tests.CloudGoogleDotComTests@5bcab519]" name="stopBrowser" is-config="true" duration-ms="622" started-at="2021-02-07T13:26:06 YEKT" finished-at="2021-02-07T13:26:07 YEKT">
          <reporter-output>
          </reporter-output>
        </test-method> <!-- stopBrowser -->
      </class> <!-- com.epam.automation.Tests.CloudGoogleDotComTests -->
    </test> <!-- Surefire test -->
  </suite> <!-- Surefire suite -->
</testng-results>
